<?xml version="1.0" encoding="UTF-8"?>
<!-- Generated by org.testng.reporters.JUnitXMLReporter -->
<testsuite ignored="0" hostname="ACW-Lap-031" failures="1" tests="2" name="Errorvalidation" time="28.602" errors="0" timestamp="2024-06-22T00:38:11 IST">
  <testcase classname="framework.Testcase.Error_Validation_Test" name="logininvalid_Credencial" time="0.912">
    <failure type="java.lang.AssertionError" message="expected [Incorrect email or password.] but found [Incorrect email password.]">
      <![CDATA[java.lang.AssertionError: expected [Incorrect email or password.] but found [Incorrect email password.]
at framework.Testcase.Error_Validation_Test.logininvalid_Credencial(Error_Validation_Test.java:16)
at java.base/java.util.ArrayList.forEach(ArrayList.java:1511)
at java.base/java.util.concurrent.FutureTask.run(FutureTask.java:264)
at java.base/java.util.concurrent.ThreadPoolExecutor.runWorker(ThreadPoolExecutor.java:1136)
at java.base/java.util.concurrent.ThreadPoolExecutor$Worker.run(ThreadPoolExecutor.java:635)
at java.base/java.lang.Thread.run(Thread.java:833)
... Removed 23 stack frames]]>
    </failure>
  </testcase> <!-- logininvalid_Credencial -->
  <testcase classname="framework.Testcase.Error_Validation_Test" name="productErrorValidation" time="15.048"/>
</testsuite> <!-- Errorvalidation -->
