<?xml version="1.0" encoding="UTF-8"?>
<!-- Generated by org.testng.reporters.JUnitXMLReporter -->
<testsuite ignored="1" hostname="ACW-Lap-031" failures="1" tests="2" name="Errorvalidation" time="12.915" errors="0" timestamp="2024-07-12T00:59:04 IST">
  <testcase classname="SeleniumRealtime.testcases.Error_Validation_Test" name="logininvalid_Credencial" time="1.005">
    <skipped/>
  </testcase> <!-- logininvalid_Credencial -->
  <testcase classname="SeleniumRealtime.testcases.Error_Validation_Test" name="logininvalid_Credencial" time="0.842">
    <failure type="java.lang.AssertionError" message="expected [Incorrect email or password.] but found [Incorrect email password.]">
      <![CDATA[java.lang.AssertionError: expected [Incorrect email or password.] but found [Incorrect email password.]
at SeleniumRealtime.testcases.Error_Validation_Test.logininvalid_Credencial(Error_Validation_Test.java:19)
at java.base/java.util.ArrayList.forEach(ArrayList.java:1511)
at java.base/java.util.concurrent.FutureTask.run(FutureTask.java:264)
at java.base/java.util.concurrent.ThreadPoolExecutor.runWorker(ThreadPoolExecutor.java:1136)
at java.base/java.util.concurrent.ThreadPoolExecutor$Worker.run(ThreadPoolExecutor.java:635)
at java.base/java.lang.Thread.run(Thread.java:833)
... Removed 23 stack frames]]>
    </failure>
  </testcase> <!-- logininvalid_Credencial -->
  <testcase classname="SeleniumRealtime.testcases.Error_Validation_Test" name="productErrorValidation" time="0.0">
    <ignored/>
  </testcase> <!-- productErrorValidation -->
</testsuite> <!-- Errorvalidation -->
